
Showing logs for build [32mdanielma911-environment-maskjet-xrnq9-1[0m stage [32mmeta-pipeline[0m and container [32mstep-credential-initializer-28tkr[0m
{"level":"warn","ts":1567270646.1671429,"logger":"fallback-logger","caller":"logging/config.go:69","msg":"Fetch GitHub commit ID from kodata failed: \"ref: refs/heads/master\" is not a valid GitHub commit ID"}
{"level":"info","ts":1567270646.1676035,"logger":"fallback-logger","caller":"creds-init/main.go:40","msg":"Credentials initialized."}

Showing logs for build [32mdanielma911-environment-maskjet-xrnq9-1[0m stage [32mmeta-pipeline[0m and container [32mstep-working-dir-initializer-tcwn6[0m
{"level":"warn","ts":1567270647.4781456,"logger":"fallback-logger","caller":"logging/config.go:69","msg":"Fetch GitHub commit ID from kodata failed: open /var/run/ko/HEAD: no such file or directory"}
{"level":"info","ts":1567270647.4817998,"logger":"fallback-logger","caller":"bash/main.go:65","msg":"Successfully executed command \"mkdir -p /workspace/source\""}

Showing logs for build [32mdanielma911-environment-maskjet-xrnq9-1[0m stage [32mmeta-pipeline[0m and container [32mstep-place-tools[0m

Showing logs for build [32mdanielma911-environment-maskjet-xrnq9-1[0m stage [32mmeta-pipeline[0m and container [32mstep-git-source-meta-danielma911-environment-ma-rq6k5[0m
{"level":"warn","ts":1567270653.4822798,"logger":"fallback-logger","caller":"logging/config.go:69","msg":"Fetch GitHub commit ID from kodata failed: \"ref: refs/heads/master\" is not a valid GitHub commit ID"}
{"level":"info","ts":1567270654.0569336,"logger":"fallback-logger","caller":"git/git.go:102","msg":"Successfully cloned https://github.com/***********/environment-maskjet-staging.git @ 46fa559ec4e1ef39c78ab307fe1f0d5df2739f6e in path /workspace/source"}

Showing logs for build [32mdanielma911-environment-maskjet-xrnq9-1[0m stage [32mmeta-pipeline[0m and container [32mstep-git-merge[0m
Using SHAs from PULL_REFS=master:46fa559ec4e1ef39c78ab307fe1f0d5df2739f6e
WARNING: no SHAs to merge, falling back to initial cloned commit

Showing logs for build [32mdanielma911-environment-maskjet-xrnq9-1[0m stage [32mmeta-pipeline[0m and container [32mstep-merge-pull-refs[0m
SKIP merge-pull-refs: Nothing to merge

Showing logs for build [32mdanielma911-environment-maskjet-xrnq9-1[0m stage [32mmeta-pipeline[0m and container [32mstep-create-effective-pipeline[0m
Deleting and cloning the Jenkins X versions repo
Cloning the Jenkins X versions repo https://github.com/jenkins-x/jenkins-x-versions.git with ref refs/heads/master to /builder/home/.**/jenkins-x-versions
selected pack: /builder/home/.**/draft/packs/github.com/jenkins-x-buildpacks/jenkins-x-kubernetes/packs/environment
Effective pipeline written to jenkins-x-promotion-effective.yml

Showing logs for build [32mdanielma911-environment-maskjet-xrnq9-1[0m stage [32mmeta-pipeline[0m and container [32mstep-create-tekton-crds[0m
running command: ** step next-version --use-git-tag-only --tag
created new version: 0.0.1 and written to file: ./VERSION
Tag v0.0.1 created and pushed to remote origin

PipelineActivity for ***********-environment-maskjet-staging-master-1
Applying changes 
upserted PipelineResource ***********-environment-maskjet for the git repository https://github.com/***********/environment-maskjet-staging.git
upserted Task ***********-environment-maskjet-xrnq9-from-build-pack-1
upserted Pipeline ***********-environment-maskjet-xrnq9-1
created PipelineRun ***********-environment-maskjet-xrnq9-1
created PipelineStructure ***********-environment-maskjet-xrnq9-1

Showing logs for build [32mdanielma911-environment-maskjet-xrnq9-1[0m stage [32mfrom-build-pack[0m and container [32mstep-credential-initializer-drpdf[0m
{"level":"warn","ts":1567270669.9834156,"logger":"fallback-logger","caller":"logging/config.go:69","msg":"Fetch GitHub commit ID from kodata failed: \"ref: refs/heads/master\" is not a valid GitHub commit ID"}
{"level":"info","ts":1567270669.9839091,"logger":"fallback-logger","caller":"creds-init/main.go:40","msg":"Credentials initialized."}

Showing logs for build [32mdanielma911-environment-maskjet-xrnq9-1[0m stage [32mfrom-build-pack[0m and container [32mstep-working-dir-initializer-m7nm4[0m
{"level":"warn","ts":1567270670.9544053,"logger":"fallback-logger","caller":"logging/config.go:69","msg":"Fetch GitHub commit ID from kodata failed: open /var/run/ko/HEAD: no such file or directory"}
{"level":"info","ts":1567270670.9560492,"logger":"fallback-logger","caller":"bash/main.go:65","msg":"Successfully executed command \"mkdir -p /workspace/source /workspace/source/env\""}

Showing logs for build [32mdanielma911-environment-maskjet-xrnq9-1[0m stage [32mfrom-build-pack[0m and container [32mstep-place-tools[0m

Showing logs for build [32mdanielma911-environment-maskjet-xrnq9-1[0m stage [32mfrom-build-pack[0m and container [32mstep-git-source-danielma911-environment-maskjet-7svkc[0m
{"level":"warn","ts":1567270676.0312884,"logger":"fallback-logger","caller":"logging/config.go:69","msg":"Fetch GitHub commit ID from kodata failed: \"ref: refs/heads/master\" is not a valid GitHub commit ID"}
{"level":"info","ts":1567270676.6693773,"logger":"fallback-logger","caller":"git/git.go:102","msg":"Successfully cloned https://github.com/***********/environment-maskjet-staging.git @ v0.0.1 in path /workspace/source"}

Showing logs for build [32mdanielma911-environment-maskjet-xrnq9-1[0m stage [32mfrom-build-pack[0m and container [32mstep-git-merge[0m
Using SHAs from PULL_REFS=master:46fa559ec4e1ef39c78ab307fe1f0d5df2739f6e
WARNING: no SHAs to merge, falling back to initial cloned commit

Showing logs for build [32mdanielma911-environment-maskjet-xrnq9-1[0m stage [32mfrom-build-pack[0m and container [32mstep-setup-jx-git-credentials[0m
Generated Git credentials file /builder/home/git/credentials

Showing logs for build [32mdanielma911-environment-maskjet-xrnq9-1[0m stage [32mfrom-build-pack[0m and container [32mstep-build-helm-apply[0m
Modified file /workspace/source/env/Chart.yaml to set the chart to version 1
Copying the helm source directory /workspace/source/env to a temporary location for building and applying /tmp/**-helm-apply-770160657/env
Applying helm chart at /tmp/**-helm-apply-770160657/env as release name ** to namespace **-staging
verifying the helm requirements versions in dir: . using version stream URL:  and git ref: 
Deleting and cloning the Jenkins X versions repo
Cloning the Jenkins X versions repo https://github.com/jenkins-x/jenkins-x-versions.git with ref refs/heads/master to /builder/home/.**/jenkins-x-versions
Ignoring templates/.gitignore
Wrote chart values.yaml /tmp/**-helm-apply-770160657/env/values.yaml generated from directory tree
generated helm /tmp/**-helm-apply-770160657/env/values.yaml

PipelineSecrets:
  DockerConfig: '******************************************************************************************************************'
cleanup:
  Annotations:
    helm.sh/hook: pre-delete
    helm.sh/hook-delete-policy: hook-succeeded
  Args:
  - --cleanup
controllerbuild:
  enabled: true
controllerworkflow:
  enabled: false
dockerRegistry: shieldgranite.azurecr.io
expose:
  Annotations:
    helm.sh/hook: post-install,post-upgrade
    helm.sh/hook-delete-policy: hook-succeeded
  Args:
  - --v
  - 4
  config:
    domain: 40.83.176.118.nip.io
    exposer: Ingress
    http: "true"
jenkins:
  Servers:
    Global:
      EnvVars:
        TILLER_NAMESPACE: kube-system
  enabled: false
prow: {}

Using values files: /tmp/**-helm-apply-770160657/env/values.yaml
WARNING: No $CHART_REPOSITORY defined so using the default value of: http://jenkins-x-chartmuseum:8080
Adding missing Helm repo: storage.googleapis.com https://storage.googleapis.com/chartmuseum.jenkins-x.io
Successfully added Helm repository storage.googleapis.com.
Adding missing Helm repo: jenkins-x-chartmuseum http://jenkins-x-chartmuseum:8080
Successfully added Helm repository jenkins-x-chartmuseum.
WARNING: No $CHART_REPOSITORY defined so using the default value of: http://jenkins-x-chartmuseum:8080
Adding missing Helm repo: chartmuseum.jenkins-x.io http://chartmuseum.jenkins-x.io
Successfully added Helm repository chartmuseum.jenkins-x.io.
Applying Apps chart overrides
Applying chart overrides


